# JRE version: Java(TM) SE Runtime Environment (8.0_91-b15) (build 1.8.0_91-b15)
# Java VM: Java HotSpot(TM) 64-Bit Server VM (25.91-b15 mixed mode windows-amd64 compressed oops)
Heap:
 PSYoungGen      total 97280K, used 39377K [0x00000000eab00000, 0x00000000f2000000, 0x0000000100000000)
  eden space 82432K, 29% used [0x00000000eab00000,0x00000000ec2f8be8,0x00000000efb80000)
  from space 14848K, 99% used [0x00000000f0c80000,0x00000000f1afb888,0x00000000f1b00000)
  to   space 17408K, 0% used [0x00000000efb80000,0x00000000efb80000,0x00000000f0c80000)
 ParOldGen       total 68096K, used 33701K [0x00000000c0000000, 0x00000000c4280000, 0x00000000eab00000)
  object space 68096K, 49% used [0x00000000c0000000,0x00000000c20e9620,0x00000000c4280000)
 Metaspace       used 6866K, capacity 7544K, committed 7680K, reserved 1056768K
  class space    used 646K, capacity 688K, committed 768K, reserved 1048576K
GC Heap History (10 events):
Event: 19.878 GC heap before
{Heap before GC invocations=5 (full 0):
 PSYoungGen      total 68096K, used 68070K [0x00000000eab00000, 0x00000000ef000000, 0x0000000100000000)
  eden space 65536K, 100% used [0x00000000eab00000,0x00000000eeb00000,0x00000000eeb00000)
  from space 2560K, 98% used [0x00000000eed80000,0x00000000eeff9810,0x00000000ef000000)
  to   space 2560K, 0% used [0x00000000eeb00000,0x00000000eeb00000,0x00000000eed80000)
 ParOldGen       total 44032K, used 13537K [0x00000000c0000000, 0x00000000c2b00000, 0x00000000eab00000)
  object space 44032K, 30% used [0x00000000c0000000,0x00000000c0d385d8,0x00000000c2b00000)
 Metaspace       used 6309K, capacity 7154K, committed 7296K, reserved 1056768K
  class space    used 605K, capacity 618K, committed 640K, reserved 1048576K
Event: 19.985 GC heap after
Heap after GC invocations=5 (full 0):
 PSYoungGen      total 68096K, used 2534K [0x00000000eab00000, 0x00000000ef000000, 0x0000000100000000)
  eden space 65536K, 0% used [0x00000000eab00000,0x00000000eab00000,0x00000000eeb00000)
  from space 2560K, 99% used [0x00000000eeb00000,0x00000000eed79ad8,0x00000000eed80000)
  to   space 2560K, 0% used [0x00000000eed80000,0x00000000eed80000,0x00000000ef000000)
 ParOldGen       total 44032K, used 23993K [0x00000000c0000000, 0x00000000c2b00000, 0x00000000eab00000)
  object space 44032K, 54% used [0x00000000c0000000,0x00000000c176e5c0,0x00000000c2b00000)
 Metaspace       used 6309K, capacity 7154K, committed 7296K, reserved 1056768K
  class space    used 605K, capacity 618K, committed 640K, reserved 1048576K
}
Event: 21.431 GC heap before
{Heap before GC invocations=6 (full 0):
 PSYoungGen      total 68096K, used 68070K [0x00000000eab00000, 0x00000000ef000000, 0x0000000100000000)
  eden space 65536K, 100% used [0x00000000eab00000,0x00000000eeb00000,0x00000000eeb00000)
  from space 2560K, 99% used [0x00000000eeb00000,0x00000000eed79ad8,0x00000000eed80000)
  to   space 2560K, 0% used [0x00000000eed80000,0x00000000eed80000,0x00000000ef000000)
 ParOldGen       total 44032K, used 23993K [0x00000000c0000000, 0x00000000c2b00000, 0x00000000eab00000)
  object space 44032K, 54% used [0x00000000c0000000,0x00000000c176e5c0,0x00000000c2b00000)
 Metaspace       used 6440K, capacity 7192K, committed 7424K, reserved 1056768K
  class space    used 626K, capacity 656K, committed 768K, reserved 1048576K
Event: 21.736 GC heap after
Heap after GC invocations=6 (full 0):
 PSYoungGen      total 54784K, used 2543K [0x00000000eab00000, 0x00000000f4a00000, 0x0000000100000000)
  eden space 52224K, 0% used [0x00000000eab00000,0x00000000eab00000,0x00000000ede00000)
  from space 2560K, 99% used [0x00000000eed80000,0x00000000eeffbf70,0x00000000ef000000)
  to   space 15872K, 0% used [0x00000000ede00000,0x00000000ede00000,0x00000000eed80000)
 ParOldGen       total 44032K, used 33600K [0x00000000c0000000, 0x00000000c2b00000, 0x00000000eab00000)
  object space 44032K, 76% used [0x00000000c0000000,0x00000000c20d0090,0x00000000c2b00000)
 Metaspace       used 6440K, capacity 7192K, committed 7424K, reserved 1056768K
  class space    used 626K, capacity 656K, committed 768K, reserved 1048576K
}
Event: 21.736 GC heap before
{Heap before GC invocations=7 (full 1):
 PSYoungGen      total 54784K, used 2543K [0x00000000eab00000, 0x00000000f4a00000, 0x0000000100000000)
  eden space 52224K, 0% used [0x00000000eab00000,0x00000000eab00000,0x00000000ede00000)
  from space 2560K, 99% used [0x00000000eed80000,0x00000000eeffbf70,0x00000000ef000000)
  to   space 15872K, 0% used [0x00000000ede00000,0x00000000ede00000,0x00000000eed80000)
 ParOldGen       total 44032K, used 33600K [0x00000000c0000000, 0x00000000c2b00000, 0x00000000eab00000)
  object space 44032K, 76% used [0x00000000c0000000,0x00000000c20d0090,0x00000000c2b00000)
 Metaspace       used 6440K, capacity 7192K, committed 7424K, reserved 1056768K
  class space    used 626K, capacity 656K, committed 768K, reserved 1048576K
Event: 23.108 GC heap after
Heap after GC invocations=7 (full 1):
 PSYoungGen      total 54784K, used 0K [0x00000000eab00000, 0x00000000f4a00000, 0x0000000100000000)
  eden space 52224K, 0% used [0x00000000eab00000,0x00000000eab00000,0x00000000ede00000)
  from space 2560K, 0% used [0x00000000eed80000,0x00000000eed80000,0x00000000ef000000)
  to   space 15872K, 0% used [0x00000000ede00000,0x00000000ede00000,0x00000000eed80000)
 ParOldGen       total 68096K, used 33150K [0x00000000c0000000, 0x00000000c4280000, 0x00000000eab00000)
  object space 68096K, 48% used [0x00000000c0000000,0x00000000c205f920,0x00000000c4280000)
 Metaspace       used 6440K, capacity 7192K, committed 7424K, reserved 1056768K
  class space    used 626K, capacity 656K, committed 768K, reserved 1048576K
}
Event: 24.545 GC heap before
{Heap before GC invocations=8 (full 1):
 PSYoungGen      total 54784K, used 52224K [0x00000000eab00000, 0x00000000f4a00000, 0x0000000100000000)
  eden space 52224K, 100% used [0x00000000eab00000,0x00000000ede00000,0x00000000ede00000)
  from space 2560K, 0% used [0x00000000eed80000,0x00000000eed80000,0x00000000ef000000)
  to   space 15872K, 0% used [0x00000000ede00000,0x00000000ede00000,0x00000000eed80000)
 ParOldGen       total 68096K, used 33150K [0x00000000c0000000, 0x00000000c4280000, 0x00000000eab00000)
  object space 68096K, 48% used [0x00000000c0000000,0x00000000c205f920,0x00000000c4280000)
 Metaspace       used 6473K, capacity 7192K, committed 7424K, reserved 1056768K
  class space    used 626K, capacity 656K, committed 768K, reserved 1048576K
Event: 24.590 GC heap after
Heap after GC invocations=8 (full 1):
 PSYoungGen      total 68096K, used 8704K [0x00000000eab00000, 0x00000000f1b00000, 0x0000000100000000)
  eden space 52224K, 0% used [0x00000000eab00000,0x00000000eab00000,0x00000000ede00000)
  from space 15872K, 54% used [0x00000000ede00000,0x00000000ee680340,0x00000000eed80000)
  to   space 14848K, 0% used [0x00000000f0c80000,0x00000000f0c80000,0x00000000f1b00000)
 ParOldGen       total 68096K, used 33150K [0x00000000c0000000, 0x00000000c4280000, 0x00000000eab00000)
  object space 68096K, 48% used [0x00000000c0000000,0x00000000c205f920,0x00000000c4280000)
 Metaspace       used 6473K, capacity 7192K, committed 7424K, reserved 1056768K
  class space    used 626K, capacity 656K, committed 768K, reserved 1048576K
}
Event: 25.256 GC heap before
{Heap before GC invocations=9 (full 1):
 PSYoungGen      total 68096K, used 60928K [0x00000000eab00000, 0x00000000f1b00000, 0x0000000100000000)
  eden space 52224K, 100% used [0x00000000eab00000,0x00000000ede00000,0x00000000ede00000)
  from space 15872K, 54% used [0x00000000ede00000,0x00000000ee680340,0x00000000eed80000)
  to   space 14848K, 0% used [0x00000000f0c80000,0x00000000f0c80000,0x00000000f1b00000)
 ParOldGen       total 68096K, used 33150K [0x00000000c0000000, 0x00000000c4280000, 0x00000000eab00000)
  object space 68096K, 48% used [0x00000000c0000000,0x00000000c205f920,0x00000000c4280000)
 Metaspace       used 6494K, capacity 7192K, committed 7424K, reserved 1056768K
  class space    used 627K, capacity 656K, committed 768K, reserved 1048576K
Event: 25.328 GC heap after
Heap after GC invocations=9 (full 1):
 PSYoungGen      total 97280K, used 14830K [0x00000000eab00000, 0x00000000f2000000, 0x0000000100000000)
  eden space 82432K, 0% used [0x00000000eab00000,0x00000000eab00000,0x00000000efb80000)
  from space 14848K, 99% used [0x00000000f0c80000,0x00000000f1afb888,0x00000000f1b00000)
  to   space 17408K, 0% used [0x00000000efb80000,0x00000000efb80000,0x00000000f0c80000)
 ParOldGen       total 68096K, used 33701K [0x00000000c0000000, 0x00000000c4280000, 0x00000000eab00000)
  object space 68096K, 49% used [0x00000000c0000000,0x00000000c20e9620,0x00000000c4280000)
 Metaspace       used 6494K, capacity 7192K, committed 7424K, reserved 1056768K
  class space    used 627K, capacity 656K, committed 768K, reserved 1048576K
}

